#
# A fatal error has been detected by the Java Runtime Environment:
#
#  SIGSEGV (0xb) at pc=0x0000000123aa6027, pid=89702, tid=0x0000000000013d0f
#
# JRE version: Java(TM) SE Runtime Environment (8.0_201-b09) (build 1.8.0_201-b09)
# Java VM: Java HotSpot(TM) 64-Bit Server VM (25.201-b09 mixed mode bsd-amd64 compressed oops)
# Problematic frame:
# C  [libawt_lwawt.dylib+0x1c027]  OGLSD_SetScratchSurface+0x49
#
# Failed to write core dump. Core dumps have been disabled. To enable core dumping, try "ulimit -c unlimited" before starting Java again
#
# If you would like to submit a bug report, please visit:
#   http://bugreport.java.com/bugreport/crash.jsp
# The crash happened outside the Java Virtual Machine in native code.
# See problematic frame for where to report the bug.
#

---------------  T H R E A D  ---------------

Current thread (0x00007fa548a8c800):  JavaThread "Java2D Queue Flusher" daemon [_thread_in_native, id=81167, stack(0x0000700007652000,0x0000700007752000)]

siginfo: si_signo: 11 (SIGSEGV), si_code: 1 (SEGV_MAPERR), si_addr: 0x0000000000000002

Registers:
RAX=0x00000000ffffffff, RBX=0x0000000000000002, RCX=0x0000000000000047, RDX=0x0000000123ac7b14
RSP=0x0000700007751740, RBP=0x0000700007751760, RSI=0x00007fa546cc6620, RDI=0x00007fa548a8c9f8
R8 =0x0000000000000023, R9 =0xffffffff00000000, R10=0x0000000113e79ff8, R11=0x0000000113e574c0
R12=0x0000000000000000, R13=0x0000700007751908, R14=0x00007fa548a8c9f8, R15=0x00007fa548a8c800
RIP=0x0000000123aa6027, EFLAGS=0x0000000000010202, ERR=0x0000000000000004
  TRAPNO=0x000000000000000e

Top of Stack: (sp=0x0000700007751740)
0x0000700007751740:   00007fa546cc6620 0000000000000000
0x0000700007751750:   00007fa548abd010 00007fa548a8c800
0x0000700007751760:   00007000077517e0 0000000123ac75f2
0x0000700007751770:   00007fa548a8c800 000000000000d10f
0x0000700007751780:   00007fa546f78800 0000000200000001
0x0000700007751790:   0000700007751988 00007fa548a8c800
0x00007000077517a0:   0000000000000000 00007fa548abd020
0x00007000077517b0:   0000000000751838 00007fa548a8c9f8
0x00007000077517c0:   0000000797644c30 0000000000000000
0x00007000077517d0:   0000700007751988 00007fa548a8c800
0x00007000077517e0:   0000700007751830 0000000113e7a06a
0x00007000077517f0:   0000000797644c30 00007fa546f78558
0x0000700007751800:   0000700007751830 000000010d33d18c
0x0000700007751810:   0000000000000064 0000000000000000
0x0000700007751820:   0000000000000064 00007fa546f78558
0x0000700007751830:   0000700007751960 0000000113e57b04
0x0000700007751840:   00007fa500000005 00007fa548a8c800
0x0000700007751850:   0000000000000001 00007fa546f780c0
0x0000700007751860:   000000079760a500 00007fa548a8c800
0x0000700007751870:   00007fa548a8c800 0000000112c4da00
0x0000700007751880:   0000700007751988 00007fa548a8c800
0x0000700007751890:   0000000797644c30 0000000100000020
0x00007000077518a0:   000000079760a538 0000000113cbe8e6
0x00007000077518b0:   0000700007751960 0000000113e5752c
0x00007000077518c0:   0000000129a7879c 0000700007751908
0x00007000077518d0:   0000000129a78830 0000000797b79840
0x00007000077518e0:   0000000797644c30 00000001139a535d
0x00007000077518f0:   0000700007751960 00000001139a535d
0x0000700007751900:   00000001139a535d 0000000797644c30
0x0000700007751910:   0000000000000001 000000079760a538
0x0000700007751920:   0000700007751910 0000000113155841
0x0000700007751930:   0000700007751988 0000000113156098 

Instructions: (pc=0x0000000123aa6027)
0x0000000123aa6007:   c0 e9 82 00 00 00 48 8b 5e 10 48 85 db 75 0e bf
0x0000000123aa6017:   01 00 00 00 48 8d 15 a8 96 03 00 eb d6 49 89 fe
0x0000000123aa6027:   4c 8b 3b 30 c0 e8 ff bc 02 00 49 8b 3f 49 89 c4
0x0000000123aa6037:   48 8b 35 02 29 06 00 30 c0 e8 4d be 02 00 48 85 

Register to memory mapping:

RAX=0x00000000ffffffff is an unknown value
RBX=0x0000000000000002 is an unknown value
RCX=0x0000000000000047 is an unknown value
RDX=0x0000000123ac7b14: Java_sun_java2d_opengl_OGLRenderQueue_flushBuffer+0xb5c in /Library/Java/JavaVirtualMachines/jdk1.8.0_201.jdk/Contents/Home/jre/lib/libawt_lwawt.dylib at 0x0000000123a8a000
RSP=0x0000700007751740 is pointing into the stack for thread: 0x00007fa548a8c800
RBP=0x0000700007751760 is pointing into the stack for thread: 0x00007fa548a8c800
RSI=0x00007fa546cc6620 is an unknown value
RDI=0x00007fa548a8c9f8 is an unknown value
R8 =0x0000000000000023 is an unknown value
R9 =0xffffffff00000000 is an unknown value
R10=0x0000000113e79ff8 is at entry_point+56 in (nmethod*)0x0000000113e79e50
R11=0x0000000113e574c0 is at entry_point+0 in (nmethod*)0x0000000113e57350
R12=0x0000000000000000 is an unknown value
R13=0x0000700007751908 is pointing into the stack for thread: 0x00007fa548a8c800
R14=0x00007fa548a8c9f8 is an unknown value
R15=0x00007fa548a8c800 is a thread


Stack: [0x0000700007652000,0x0000700007752000],  sp=0x0000700007751740,  free space=1021k
Native frames: (J=compiled Java code, j=interpreted, Vv=VM code, C=native code)
C  [libawt_lwawt.dylib+0x1c027]  OGLSD_SetScratchSurface+0x49
C  [libawt_lwawt.dylib+0x3d5f2]  Java_sun_java2d_opengl_OGLRenderQueue_flushBuffer+0x63a
J 1554  sun.java2d.opengl.OGLRenderQueue.flushBuffer(JI)V (0 bytes) @ 0x0000000113e7a06a [0x0000000113e79fc0+0xaa]
J 1499 C1 sun.java2d.opengl.OGLRenderQueue.flushBuffer()V (41 bytes) @ 0x0000000113e57b04 [0x0000000113e578a0+0x264]
J 1498 C1 sun.java2d.opengl.OGLRenderQueue.access$100(Lsun/java2d/opengl/OGLRenderQueue;)V (5 bytes) @ 0x0000000113e5752c [0x0000000113e574c0+0x6c]
j  sun.java2d.opengl.OGLRenderQueue$QueueFlusher.run()V+81
v  ~StubRoutines::call_stub
V  [libjvm.dylib+0x2f0bea]
V  [libjvm.dylib+0x2f138e]
V  [libjvm.dylib+0x2f153a]
V  [libjvm.dylib+0x34be29]
V  [libjvm.dylib+0x570c33]
V  [libjvm.dylib+0x57232e]
V  [libjvm.dylib+0x48f3ca]
C  [libsystem_pthread.dylib+0x3305]  _pthread_body+0x7e
C  [libsystem_pthread.dylib+0x626f]  _pthread_start+0x46
C  [libsystem_pthread.dylib+0x2415]  thread_start+0xd
C  0x0000000000000000

Java frames: (J=compiled Java code, j=interpreted, Vv=VM code)
J 1554  sun.java2d.opengl.OGLRenderQueue.flushBuffer(JI)V (0 bytes) @ 0x0000000113e79ff8 [0x0000000113e79fc0+0x38]
J 1499 C1 sun.java2d.opengl.OGLRenderQueue.flushBuffer()V (41 bytes) @ 0x0000000113e57b04 [0x0000000113e578a0+0x264]
J 1498 C1 sun.java2d.opengl.OGLRenderQueue.access$100(Lsun/java2d/opengl/OGLRenderQueue;)V (5 bytes) @ 0x0000000113e5752c [0x0000000113e574c0+0x6c]
j  sun.java2d.opengl.OGLRenderQueue$QueueFlusher.run()V+81
v  ~StubRoutines::call_stub

---------------  P R O C E S S  ---------------

Java Threads: ( => current thread )
  0x00007fa548a66000 JavaThread "Thread-515" [_thread_blocked, id=57719, stack(0x0000700007446000,0x0000700007546000)]
  0x00007fa547437800 JavaThread "TimerQueue" daemon [_thread_blocked, id=58187, stack(0x0000700007be4000,0x0000700007ce4000)]
  0x00007fa548111800 JavaThread "DestroyJavaVM" [_thread_blocked, id=9475, stack(0x000070000618d000,0x000070000628d000)]
  0x00007fa548b4a000 JavaThread "AWT-EventQueue-0" [_thread_blocked, id=38703, stack(0x000070000795b000,0x0000700007a5b000)]
  0x00007fa5472be000 JavaThread "AWT-Shutdown" [_thread_blocked, id=55923, stack(0x0000700007343000,0x0000700007443000)]
  0x00007fa54792a000 JavaThread "Java2D Disposer" daemon [_thread_blocked, id=53519, stack(0x0000700007755000,0x0000700007855000)]
=>0x00007fa548a8c800 JavaThread "Java2D Queue Flusher" daemon [_thread_in_native, id=81167, stack(0x0000700007652000,0x0000700007752000)]
  0x00007fa5478ec000 JavaThread "AppKit Thread" daemon [_thread_in_native, id=775, stack(0x00007ffee2f75000,0x00007ffee3775000)]
  0x00007fa5480a6800 JavaThread "Service Thread" daemon [_thread_blocked, id=18691, stack(0x00007000070ba000,0x00007000071ba000)]
  0x00007fa548041800 JavaThread "C1 CompilerThread2" daemon [_thread_blocked, id=16643, stack(0x0000700006fb7000,0x00007000070b7000)]
  0x00007fa548041000 JavaThread "C2 CompilerThread1" daemon [_thread_blocked, id=16131, stack(0x0000700006eb4000,0x0000700006fb4000)]
  0x00007fa548040000 JavaThread "C2 CompilerThread0" daemon [_thread_blocked, id=19459, stack(0x0000700006db1000,0x0000700006eb1000)]
  0x00007fa54803c000 JavaThread "JDWP Command Reader" daemon [_thread_in_native, id=15875, stack(0x0000700006cae000,0x0000700006dae000)]
  0x00007fa547822800 JavaThread "JDWP Event Helper Thread" daemon [_thread_blocked, id=19971, stack(0x0000700006bab000,0x0000700006cab000)]
  0x00007fa54705c000 JavaThread "JDWP Transport Listener: dt_socket" daemon [_thread_blocked, id=20231, stack(0x0000700006aa8000,0x0000700006ba8000)]
  0x00007fa54803b800 JavaThread "Signal Dispatcher" daemon [_thread_blocked, id=14851, stack(0x00007000069a5000,0x0000700006aa5000)]
  0x00007fa54780d800 JavaThread "Finalizer" daemon [_thread_blocked, id=13059, stack(0x00007000068a2000,0x00007000069a2000)]
  0x00007fa547816800 JavaThread "Reference Handler" daemon [_thread_blocked, id=12547, stack(0x000070000679f000,0x000070000689f000)]

Other Threads:
  0x00007fa54705b800 VMThread [stack: 0x000070000669c000,0x000070000679c000] [id=21507]
  0x00007fa548853800 WatcherThread [stack: 0x00007000071bd000,0x00007000072bd000] [id=16899]

VM state:not at safepoint (normal execution)

VM Mutex/Monitor currently owned by a thread: None

heap address: 0x0000000740000000, size: 2048 MB, Compressed Oops mode: Zero based, Oop shift amount: 3
Narrow klass base: 0x0000000000000000, Narrow klass shift: 3
Compressed class space size: 1073741824 Address: 0x00000007c0000000

Heap:
 PSYoungGen      total 36352K, used 3274K [0x0000000795580000, 0x0000000797c80000, 0x00000007c0000000)
  eden space 32768K, 0% used [0x0000000795580000,0x00000007955a8f68,0x0000000797580000)
  from space 3584K, 86% used [0x0000000797600000,0x0000000797909c70,0x0000000797980000)
  to   space 3072K, 0% used [0x0000000797980000,0x0000000797980000,0x0000000797c80000)
 ParOldGen       total 87552K, used 46497K [0x0000000740000000, 0x0000000745580000, 0x0000000795580000)
  object space 87552K, 53% used [0x0000000740000000,0x0000000742d685f0,0x0000000745580000)
 Metaspace       used 14956K, capacity 15276K, committed 15360K, reserved 1062912K
  class space    used 1934K, capacity 2030K, committed 2048K, reserved 1048576K

Card table byte_map: [0x000000010e179000,0x000000010e57a000] byte_map_base: 0x000000010a779000

Marking Bits: (ParMarkBitMap*) 0x000000010d6fbe40
 Begin Bits: [0x000000010e825000, 0x0000000110825000)
 End Bits:   [0x0000000110825000, 0x0000000112825000)

Polling page: 0x000000010c4fa000

CodeCache: size=245760Kb used=5111Kb max_used=5111Kb free=240648Kb
 bounds [0x000000011399d000, 0x0000000113e9d000, 0x000000012299d000]
 total_blobs=2096 nmethods=1554 adapters=462
 compilation: enabled

Compilation events (10 events):
Event: 522.137 Thread 0x00007fa548041800 1569   !   3       sun.lwawt.LWComponentPeer::sendEventToDelegate (87 bytes)
Event: 522.138 Thread 0x00007fa548041800 nmethod 1569 0x0000000113e8f450 code [0x0000000113e8f680, 0x0000000113e90868]
Event: 522.150 Thread 0x00007fa548041800 1570       3       sun.lwawt.macosx.NSEvent::isPopupTrigger (60 bytes)
Event: 522.150 Thread 0x00007fa548041800 nmethod 1570 0x0000000113e90f10 code [0x0000000113e91080, 0x0000000113e913b0]
Event: 522.150 Thread 0x00007fa548041800 1571       3       sun.lwawt.LWWindowPeer::notifyMouseEvent (649 bytes)
Event: 522.156 Thread 0x00007fa548041800 nmethod 1571 0x0000000113e91450 code [0x0000000113e91ac0, 0x0000000113e96f98]
Event: 522.159 Thread 0x00007fa548041800 1572   !   3       java.awt.event.InvocationEvent::finishedDispatching (53 bytes)
Event: 522.159 Thread 0x00007fa548041800 nmethod 1572 0x0000000113e9b3d0 code [0x0000000113e9b560, 0x0000000113e9ba98]
Event: 522.205 Thread 0x00007fa548041800 1573       3       java.awt.Window::eventEnabled (138 bytes)
Event: 522.206 Thread 0x00007fa548041800 nmethod 1573 0x0000000113e9bc50 code [0x0000000113e9bde0, 0x0000000113e9c208]

GC Heap History (10 events):
Event: 9.151 GC heap before
{Heap before GC invocations=1 (full 0):
 PSYoungGen      total 38400K, used 33280K [0x0000000795580000, 0x0000000798000000, 0x00000007c0000000)
  eden space 33280K, 100% used [0x0000000795580000,0x0000000797600000,0x0000000797600000)
  from space 5120K, 0% used [0x0000000797b00000,0x0000000797b00000,0x0000000798000000)
  to   space 5120K, 0% used [0x0000000797600000,0x0000000797600000,0x0000000797b00000)
 ParOldGen       total 87552K, used 0K [0x0000000740000000, 0x0000000745580000, 0x0000000795580000)
  object space 87552K, 0% used [0x0000000740000000,0x0000000740000000,0x0000000745580000)
 Metaspace       used 14275K, capacity 14590K, committed 14848K, reserved 1062912K
  class space    used 1898K, capacity 1997K, committed 2048K, reserved 1048576K
Event: 9.159 GC heap after
Heap after GC invocations=1 (full 0):
 PSYoungGen      total 38400K, used 3223K [0x0000000795580000, 0x0000000798000000, 0x00000007c0000000)
  eden space 33280K, 0% used [0x0000000795580000,0x0000000795580000,0x0000000797600000)
  from space 5120K, 62% used [0x0000000797600000,0x0000000797925c88,0x0000000797b00000)
  to   space 5120K, 0% used [0x0000000797b00000,0x0000000797b00000,0x0000000798000000)
 ParOldGen       total 87552K, used 16K [0x0000000740000000, 0x0000000745580000, 0x0000000795580000)
  object space 87552K, 0% used [0x0000000740000000,0x0000000740004000,0x0000000745580000)
 Metaspace       used 14275K, capacity 14590K, committed 14848K, reserved 1062912K
  class space    used 1898K, capacity 1997K, committed 2048K, reserved 1048576K
}
Event: 179.841 GC heap before
{Heap before GC invocations=2 (full 0):
 PSYoungGen      total 38400K, used 36503K [0x0000000795580000, 0x0000000798000000, 0x00000007c0000000)
  eden space 33280K, 100% used [0x0000000795580000,0x0000000797600000,0x0000000797600000)
  from space 5120K, 62% used [0x0000000797600000,0x0000000797925c88,0x0000000797b00000)
  to   space 5120K, 0% used [0x0000000797b00000,0x0000000797b00000,0x0000000798000000)
 ParOldGen       total 87552K, used 16K [0x0000000740000000, 0x0000000745580000, 0x0000000795580000)
  object space 87552K, 0% used [0x0000000740000000,0x0000000740004000,0x0000000745580000)
 Metaspace       used 14732K, capacity 15084K, committed 15104K, reserved 1062912K
  class space    used 1928K, capacity 2030K, committed 2048K, reserved 1048576K
Event: 179.848 GC heap after
Heap after GC invocations=2 (full 0):
 PSYoungGen      total 38400K, used 3143K [0x0000000795580000, 0x0000000798000000, 0x00000007c0000000)
  eden space 33280K, 0% used [0x0000000795580000,0x0000000795580000,0x0000000797600000)
  from space 5120K, 61% used [0x0000000797b00000,0x0000000797e11c50,0x0000000798000000)
  to   space 5120K, 0% used [0x0000000797600000,0x0000000797600000,0x0000000797b00000)
 ParOldGen       total 87552K, used 24K [0x0000000740000000, 0x0000000745580000, 0x0000000795580000)
  object space 87552K, 0% used [0x0000000740000000,0x0000000740006000,0x0000000745580000)
 Metaspace       used 14732K, capacity 15084K, committed 15104K, reserved 1062912K
  class space    used 1928K, capacity 2030K, committed 2048K, reserved 1048576K
}
Event: 428.225 GC heap before
{Heap before GC invocations=3 (full 0):
 PSYoungGen      total 38400K, used 36423K [0x0000000795580000, 0x0000000798000000, 0x00000007c0000000)
  eden space 33280K, 100% used [0x0000000795580000,0x0000000797600000,0x0000000797600000)
  from space 5120K, 61% used [0x0000000797b00000,0x0000000797e11c50,0x0000000798000000)
  to   space 5120K, 0% used [0x0000000797600000,0x0000000797600000,0x0000000797b00000)
 ParOldGen       total 87552K, used 24K [0x0000000740000000, 0x0000000745580000, 0x0000000795580000)
  object space 87552K, 0% used [0x0000000740000000,0x0000000740006000,0x0000000745580000)
 Metaspace       used 14771K, capacity 15084K, committed 15104K, reserved 1062912K
  class space    used 1928K, capacity 2030K, committed 2048K, reserved 1048576K
Event: 428.239 GC heap after
Heap after GC invocations=3 (full 0):
 PSYoungGen      total 38400K, used 2951K [0x0000000795580000, 0x0000000798000000, 0x00000007c0000000)
  eden space 33280K, 0% used [0x0000000795580000,0x0000000795580000,0x0000000797600000)
  from space 5120K, 57% used [0x0000000797600000,0x00000007978e1c50,0x0000000797b00000)
  to   space 5120K, 0% used [0x0000000797b00000,0x0000000797b00000,0x0000000798000000)
 ParOldGen       total 87552K, used 32K [0x0000000740000000, 0x0000000745580000, 0x0000000795580000)
  object space 87552K, 0% used [0x0000000740000000,0x0000000740008000,0x0000000745580000)
 Metaspace       used 14771K, capacity 15084K, committed 15104K, reserved 1062912K
  class space    used 1928K, capacity 2030K, committed 2048K, reserved 1048576K
}
Event: 480.145 GC heap before
{Heap before GC invocations=4 (full 0):
 PSYoungGen      total 38400K, used 31886K [0x0000000795580000, 0x0000000798000000, 0x00000007c0000000)
  eden space 33280K, 86% used [0x0000000795580000,0x00000007971c1c30,0x0000000797600000)
  from space 5120K, 57% used [0x0000000797600000,0x00000007978e1c50,0x0000000797b00000)
  to   space 5120K, 0% used [0x0000000797b00000,0x0000000797b00000,0x0000000798000000)
 ParOldGen       total 87552K, used 32K [0x0000000740000000, 0x0000000745580000, 0x0000000795580000)
  object space 87552K, 0% used [0x0000000740000000,0x0000000740008000,0x0000000745580000)
 Metaspace       used 14824K, capacity 15148K, committed 15360K, reserved 1062912K
  class space    used 1934K, capacity 2030K, committed 2048K, reserved 1048576K
Event: 480.220 GC heap after
Heap after GC invocations=4 (full 0):
 PSYoungGen      total 38400K, used 3047K [0x0000000795580000, 0x0000000798000000, 0x00000007c0000000)
  eden space 33280K, 0% used [0x0000000795580000,0x0000000795580000,0x0000000797600000)
  from space 5120K, 59% used [0x0000000797b00000,0x0000000797df9c50,0x0000000798000000)
  to   space 5120K, 0% used [0x0000000797600000,0x0000000797600000,0x0000000797b00000)
 ParOldGen       total 87552K, used 46489K [0x0000000740000000, 0x0000000745580000, 0x0000000795580000)
  object space 87552K, 53% used [0x0000000740000000,0x0000000742d665f0,0x0000000745580000)
 Metaspace       used 14824K, capacity 15148K, committed 15360K, reserved 1062912K
  class space    used 1934K, capacity 2030K, committed 2048K, reserved 1048576K
}
Event: 523.789 GC heap before
{Heap before GC invocations=5 (full 0):
 PSYoungGen      total 38400K, used 36327K [0x0000000795580000, 0x0000000798000000, 0x00000007c0000000)
  eden space 33280K, 100% used [0x0000000795580000,0x0000000797600000,0x0000000797600000)
  from space 5120K, 59% used [0x0000000797b00000,0x0000000797df9c50,0x0000000798000000)
  to   space 5120K, 0% used [0x0000000797600000,0x0000000797600000,0x0000000797b00000)
 ParOldGen       total 87552K, used 46489K [0x0000000740000000, 0x0000000745580000, 0x0000000795580000)
  object space 87552K, 53% used [0x0000000740000000,0x0000000742d665f0,0x0000000745580000)
 Metaspace       used 14956K, capacity 15276K, committed 15360K, reserved 1062912K
  class space    used 1934K, capacity 2030K, committed 2048K, reserved 1048576K
Event: 523.800 GC heap after
Heap after GC invocations=5 (full 0):
 PSYoungGen      total 36352K, used 3111K [0x0000000795580000, 0x0000000797c80000, 0x00000007c0000000)
  eden space 32768K, 0% used [0x0000000795580000,0x0000000795580000,0x0000000797580000)
  from space 3584K, 86% used [0x0000000797600000,0x0000000797909c70,0x0000000797980000)
  to   space 3072K, 0% used [0x0000000797980000,0x0000000797980000,0x0000000797c80000)
 ParOldGen       total 87552K, used 46497K [0x0000000740000000, 0x0000000745580000, 0x0000000795580000)
  object space 87552K, 53% used [0x0000000740000000,0x0000000742d685f0,0x0000000745580000)
 Metaspace       used 14956K, capacity 15276K, committed 15360K, reserved 1062912K
  class space    used 1934K, capacity 2030K, committed 2048K, reserved 1048576K
}

Deoptimization events (4 events):
Event: 8.460 Thread 0x00007fa548b4a000 Uncommon trap: reason=class_check action=maybe_recompile pc=0x0000000113b40ebc method=java.lang.String.equals(Ljava/lang/Object;)Z @ 8
Event: 8.460 Thread 0x00007fa548b4a000 Uncommon trap: reason=class_check action=maybe_recompile pc=0x0000000113b40ebc method=java.lang.String.equals(Ljava/lang/Object;)Z @ 8
Event: 8.528 Thread 0x00007fa548b4a000 Uncommon trap: reason=class_check action=maybe_recompile pc=0x0000000113b40ebc method=java.lang.String.equals(Ljava/lang/Object;)Z @ 8
Event: 8.528 Thread 0x00007fa548b4a000 Uncommon trap: reason=class_check action=maybe_recompile pc=0x0000000113b40ebc method=java.lang.String.equals(Ljava/lang/Object;)Z @ 8

Classes redefined (0 events):
No events

Internal exceptions (10 events):
Event: 0.227 Thread 0x00007fa547002000 Exception <a 'java/security/PrivilegedActionException'> (0x0000000795765628) thrown at [/Users/java_re/workspace/8-2-build-macosx-x86_64/jdk8u201/12322/hotspot/src/share/vm/prims/jvm.cpp, line 1502]
Event: 0.445 Thread 0x00007fa547002000 Exception <a 'java/lang/NoSuchFieldError': method resolution failed> (0x0000000795bcf3e8) thrown at [/Users/java_re/workspace/8-2-build-macosx-x86_64/jdk8u201/12322/hotspot/src/share/vm/prims/methodHandles.cpp, line 1167]
Event: 0.472 Thread 0x00007fa547002000 Exception <a 'java/lang/NoSuchFieldError': method resolution failed> (0x0000000795bde108) thrown at [/Users/java_re/workspace/8-2-build-macosx-x86_64/jdk8u201/12322/hotspot/src/share/vm/prims/methodHandles.cpp, line 1167]
Event: 0.914 Thread 0x00007fa547002000 Exception <a 'java/io/FileNotFoundException'> (0x0000000795ca4aa0) thrown at [/Users/java_re/workspace/8-2-build-macosx-x86_64/jdk8u201/12322/hotspot/src/share/vm/prims/jni.cpp, line 709]
Event: 0.914 Thread 0x00007fa547002000 Exception <a 'java/io/FileNotFoundException'> (0x0000000795ca5640) thrown at [/Users/java_re/workspace/8-2-build-macosx-x86_64/jdk8u201/12322/hotspot/src/share/vm/prims/jni.cpp, line 709]
Event: 1.396 Thread 0x00007fa547002000 Exception <a 'java/lang/NullPointerException'> (0x0000000796825ed0) thrown at [/Users/java_re/workspace/8-2-build-macosx-x86_64/jdk8u201/12322/hotspot/src/share/vm/prims/jni.cpp, line 735]
Event: 3.090 Thread 0x00007fa547002000 Exception <a 'java/io/FileNotFoundException'> (0x0000000796aea2a0) thrown at [/Users/java_re/workspace/8-2-build-macosx-x86_64/jdk8u201/12322/hotspot/src/share/vm/prims/jni.cpp, line 709]
Event: 3.131 Thread 0x00007fa5471ea000 Exception <a 'java/io/FileNotFoundException'> (0x0000000796ef6c08) thrown at [/Users/java_re/workspace/8-2-build-macosx-x86_64/jdk8u201/12322/hotspot/src/share/vm/prims/jni.cpp, line 709]
Event: 9.162 Thread 0x00007fa54780d800 Exception <a 'java/lang/NullPointerException'> (0x00000007956ccf20) thrown at [/Users/java_re/workspace/8-2-build-macosx-x86_64/jdk8u201/12322/hotspot/src/share/vm/interpreter/linkResolver.cpp, line 1185]
Event: 11.442 Thread 0x00007fa548b4a000 Exception <a 'java/io/FileNotFoundException'> (0x00000007959218e8) thrown at [/Users/java_re/workspace/8-2-build-macosx-x86_64/jdk8u201/12322/hotspot/src/share/vm/prims/jni.cpp, line 709]

Events (10 events):
Event: 520.780 Thread 0x00007fa547232800 Thread added: 0x00007fa547232800
Event: 520.780 Thread 0x00007fa5481c4000 Thread exited: 0x00007fa5481c4000
Event: 521.783 Thread 0x00007fa54747e000 Thread added: 0x00007fa54747e000
Event: 521.783 Thread 0x00007fa547232800 Thread exited: 0x00007fa547232800
Event: 522.786 Thread 0x00007fa547232800 Thread added: 0x00007fa547232800
Event: 522.786 Thread 0x00007fa54747e000 Thread exited: 0x00007fa54747e000
Event: 523.789 Executing VM operation: ParallelGCFailedAllocation
Event: 523.800 Executing VM operation: ParallelGCFailedAllocation done
Event: 523.800 Thread 0x00007fa548a66000 Thread added: 0x00007fa548a66000
Event: 523.803 Thread 0x00007fa547232800 Thread exited: 0x00007fa547232800


Dynamic libraries:
0x00007fff41edf000 	/System/Library/Frameworks/Cocoa.framework/Versions/A/Cocoa
0x00007fff4e19e000 	/System/Library/Frameworks/Security.framework/Versions/A/Security
0x00007fff40ae6000 	/System/Library/Frameworks/ApplicationServices.framework/Versions/A/ApplicationServices
0x00007fff6f789000 	/usr/lib/libz.1.dylib
0x00007fff6cdfe000 	/usr/lib/libSystem.B.dylib
0x00007fff6e8a6000 	/usr/lib/libobjc.A.dylib
0x00007fff42702000 	/System/Library/Frameworks/CoreFoundation.framework/Versions/A/CoreFoundation
0x00007fff44a87000 	/System/Library/Frameworks/Foundation.framework/Versions/C/Foundation
0x00007fff3fc73000 	/System/Library/Frameworks/AppKit.framework/Versions/C/AppKit
0x00007fff42276000 	/System/Library/Frameworks/CoreData.framework/Versions/A/CoreData
0x00007fff65fcc000 	/System/Library/PrivateFrameworks/RemoteViewServices.framework/Versions/A/RemoteViewServices
0x00007fff6aacc000 	/System/Library/PrivateFrameworks/UIFoundation.framework/Versions/A/UIFoundation
0x00007fff6c284000 	/System/Library/PrivateFrameworks/XCTTargetBootstrap.framework/Versions/A/XCTTargetBootstrap
0x00007fff60ad3000 	/System/Library/PrivateFrameworks/IconServices.framework/Versions/A/IconServices
0x00007fff47351000 	/System/Library/Frameworks/Metal.framework/Versions/A/Metal
0x00007fff57cd5000 	/System/Library/PrivateFrameworks/DesktopServicesPriv.framework/Versions/A/DesktopServicesPriv
0x00007fff6dbb9000 	/usr/lib/libenergytrace.dylib
0x00007fff6883d000 	/System/Library/PrivateFrameworks/SkyLight.framework/Versions/A/SkyLight
0x00007fff42b51000 	/System/Library/Frameworks/CoreGraphics.framework/Versions/A/CoreGraphics
0x00007fff3ea2e000 	/System/Library/Frameworks/Accelerate.framework/Versions/A/Accelerate
0x00007fff45211000 	/System/Library/Frameworks/IOSurface.framework/Versions/A/IOSurface
0x00007fff57b37000 	/System/Library/PrivateFrameworks/DFRFoundation.framework/Versions/A/DFRFoundation
0x00007fff40feb000 	/System/Library/Frameworks/AudioToolbox.framework/Versions/A/AudioToolbox
0x00007fff4128a000 	/System/Library/Frameworks/AudioUnit.framework/Versions/A/AudioUnit
0x00007fff57bce000 	/System/Library/PrivateFrameworks/DataDetectorsCore.framework/Versions/A/DataDetectorsCore
0x00007fff419c9000 	/System/Library/Frameworks/Carbon.framework/Versions/A/Frameworks/HIToolbox.framework/Versions/A/HIToolbox
0x00007fff6dd14000 	/usr/lib/libicucore.A.dylib
0x00007fff4d6f1000 	/System/Library/Frameworks/QuartzCore.framework/Versions/A/QuartzCore
0x00007fff41db0000 	/System/Library/Frameworks/Carbon.framework/Versions/A/Frameworks/SpeechRecognition.framework/Versions/A/SpeechRecognition
0x00007fff6cf61000 	/usr/lib/libauto.dylib
0x00007fff6f67c000 	/usr/lib/libxml2.2.dylib
0x00007fff57736000 	/System/Library/PrivateFrameworks/CoreUI.framework/Versions/A/CoreUI
0x00007fff42154000 	/System/Library/Frameworks/CoreAudio.framework/Versions/A/CoreAudio
0x00007fff448b9000 	/System/Library/Frameworks/DiskArbitration.framework/Versions/A/DiskArbitration
0x00007fff6dfc4000 	/usr/lib/liblangid.dylib
0x00007fff61f83000 	/System/Library/PrivateFrameworks/MultitouchSupport.framework/Versions/A/MultitouchSupport
0x00007fff4517c000 	/System/Library/Frameworks/IOKit.framework/Versions/A/IOKit
0x00007fff6ca4c000 	/usr/lib/libDiagnosticMessagesClient.dylib
0x00007fff439bf000 	/System/Library/Frameworks/CoreServices.framework/Versions/A/CoreServices
0x00007fff63cb9000 	/System/Library/PrivateFrameworks/PerformanceAnalysis.framework/Versions/A/PerformanceAnalysis
0x00007fff4c886000 	/System/Library/Frameworks/OpenGL.framework/Versions/A/OpenGL
0x00007fff41eed000 	/System/Library/Frameworks/ColorSync.framework/Versions/A/ColorSync
0x00007fff431e0000 	/System/Library/Frameworks/CoreImage.framework/Versions/A/CoreImage
0x00007fff44402000 	/System/Library/Frameworks/CoreText.framework/Versions/A/CoreText
0x00007fff45272000 	/System/Library/Frameworks/ImageIO.framework/Versions/A/ImageIO
0x00007fff53d71000 	/System/Library/PrivateFrameworks/Backup.framework/Versions/A/Backup
0x00007fff6ceb4000 	/usr/lib/libarchive.2.dylib
0x00007fff415ee000 	/System/Library/Frameworks/CFNetwork.framework/Versions/A/CFNetwork
0x00007fff4e949000 	/System/Library/Frameworks/SystemConfiguration.framework/Versions/A/SystemConfiguration
0x00007fff6c975000 	/usr/lib/libCRFSuite.dylib
0x00007fff6d058000 	/usr/lib/libc++.1.dylib
0x00007fff6d0b0000 	/usr/lib/libc++abi.dylib
0x00007fff6f80c000 	/usr/lib/system/libcache.dylib
0x00007fff6f811000 	/usr/lib/system/libcommonCrypto.dylib
0x00007fff6f81c000 	/usr/lib/system/libcompiler_rt.dylib
0x00007fff6f824000 	/usr/lib/system/libcopyfile.dylib
0x00007fff6f82e000 	/usr/lib/system/libcorecrypto.dylib
0x00007fff6f939000 	/usr/lib/system/libdispatch.dylib
0x00007fff6f974000 	/usr/lib/system/libdyld.dylib
0x00007fff6f9a4000 	/usr/lib/system/libkeymgr.dylib
0x00007fff6f9b2000 	/usr/lib/system/liblaunch.dylib
0x00007fff6f9b3000 	/usr/lib/system/libmacho.dylib
0x00007fff6f9b9000 	/usr/lib/system/libquarantine.dylib
0x00007fff6f9bc000 	/usr/lib/system/libremovefile.dylib
0x00007fff6f9be000 	/usr/lib/system/libsystem_asl.dylib
0x00007fff6f9d6000 	/usr/lib/system/libsystem_blocks.dylib
0x00007fff6f9d7000 	/usr/lib/system/libsystem_c.dylib
0x00007fff6fa60000 	/usr/lib/system/libsystem_configuration.dylib
0x00007fff6fa64000 	/usr/lib/system/libsystem_coreservices.dylib
0x00007fff6fa68000 	/usr/lib/system/libsystem_darwin.dylib
0x00007fff6fa6f000 	/usr/lib/system/libsystem_dnssd.dylib
0x00007fff6fa76000 	/usr/lib/system/libsystem_info.dylib
0x00007fff6faec000 	/usr/lib/system/libsystem_m.dylib
0x00007fff6fb38000 	/usr/lib/system/libsystem_malloc.dylib
0x00007fff6fb5d000 	/usr/lib/system/libsystem_networkextension.dylib
0x00007fff6fb69000 	/usr/lib/system/libsystem_notify.dylib
0x00007fff6fb86000 	/usr/lib/system/libsystem_sandbox.dylib
0x00007fff6fb8a000 	/usr/lib/system/libsystem_secinit.dylib
0x00007fff6fac3000 	/usr/lib/system/libsystem_kernel.dylib
0x00007fff6fb71000 	/usr/lib/system/libsystem_platform.dylib
0x00007fff6fb7b000 	/usr/lib/system/libsystem_pthread.dylib
0x00007fff6fb8d000 	/usr/lib/system/libsystem_symptoms.dylib
0x00007fff6fb95000 	/usr/lib/system/libsystem_trace.dylib
0x00007fff6fbac000 	/usr/lib/system/libunwind.dylib
0x00007fff6fbb2000 	/usr/lib/system/libxpc.dylib
0x00007fff6d038000 	/usr/lib/libbsm.0.dylib
0x00007fff6f9a5000 	/usr/lib/system/libkxld.dylib
0x00007fff5301e000 	/System/Library/PrivateFrameworks/AppleFSCompression.framework/Versions/A/AppleFSCompression
0x00007fff6ccbd000 	/usr/lib/libOpenScriptingUtil.dylib
0x00007fff6d39b000 	/usr/lib/libcoretls.dylib
0x00007fff6d3b2000 	/usr/lib/libcoretls_cfhelpers.dylib
0x00007fff6f03f000 	/usr/lib/libpam.2.dylib
0x00007fff6f202000 	/usr/lib/libsqlite3.dylib
0x00007fff6f66a000 	/usr/lib/libxar.1.dylib
0x00007fff6d049000 	/usr/lib/libbz2.1.0.dylib
0x00007fff6dfc6000 	/usr/lib/liblzma.5.dylib
0x00007fff6e4bc000 	/usr/lib/libnetwork.dylib
0x00007fff6ce9d000 	/usr/lib/libapple_nghttp2.dylib
0x00007fff6f046000 	/usr/lib/libpcap.A.dylib
0x00007fff43d63000 	/System/Library/Frameworks/CoreServices.framework/Versions/A/Frameworks/FSEvents.framework/Versions/A/FSEvents
0x00007fff43a3f000 	/System/Library/Frameworks/CoreServices.framework/Versions/A/Frameworks/CarbonCore.framework/Versions/A/CarbonCore
0x00007fff43f38000 	/System/Library/Frameworks/CoreServices.framework/Versions/A/Frameworks/Metadata.framework/Versions/A/Metadata
0x00007fff43fdb000 	/System/Library/Frameworks/CoreServices.framework/Versions/A/Frameworks/OSServices.framework/Versions/A/OSServices
0x00007fff44027000 	/System/Library/Frameworks/CoreServices.framework/Versions/A/Frameworks/SearchKit.framework/Versions/A/SearchKit
0x00007fff439c0000 	/System/Library/Frameworks/CoreServices.framework/Versions/A/Frameworks/AE.framework/Versions/A/AE
0x00007fff43d6c000 	/System/Library/Frameworks/CoreServices.framework/Versions/A/Frameworks/LaunchServices.framework/Versions/A/LaunchServices
0x00007fff43d18000 	/System/Library/Frameworks/CoreServices.framework/Versions/A/Frameworks/DictionaryServices.framework/Versions/A/DictionaryServices
0x00007fff44096000 	/System/Library/Frameworks/CoreServices.framework/Versions/A/Frameworks/SharedFileList.framework/Versions/A/SharedFileList
0x00007fff48817000 	/System/Library/Frameworks/NetFS.framework/Versions/A/NetFS
0x00007fff62220000 	/System/Library/PrivateFrameworks/NetAuth.framework/Versions/A/NetAuth
0x00007fff6c6b8000 	/System/Library/PrivateFrameworks/login.framework/Versions/A/Frameworks/loginsupport.framework/Versions/A/loginsupport
0x00007fff6a6c4000 	/System/Library/PrivateFrameworks/TCC.framework/Versions/A/TCC
0x00007fff56d3e000 	/System/Library/PrivateFrameworks/CoreNLP.framework/Versions/A/CoreNLP
0x00007fff61c74000 	/System/Library/PrivateFrameworks/MetadataUtilities.framework/Versions/A/MetadataUtilities
0x00007fff6e0a7000 	/usr/lib/libmecabra.dylib
0x00007fff40ae7000 	/System/Library/Frameworks/ApplicationServices.framework/Versions/A/Frameworks/ATS.framework/Versions/A/ATS
0x00007fff40e52000 	/System/Library/Frameworks/ApplicationServices.framework/Versions/A/Frameworks/ColorSyncLegacy.framework/Versions/A/ColorSyncLegacy
0x00007fff40ef3000 	/System/Library/Frameworks/ApplicationServices.framework/Versions/A/Frameworks/HIServices.framework/Versions/A/HIServices
0x00007fff40f46000 	/System/Library/Frameworks/ApplicationServices.framework/Versions/A/Frameworks/LangAnalysis.framework/Versions/A/LangAnalysis
0x00007fff40f55000 	/System/Library/Frameworks/ApplicationServices.framework/Versions/A/Frameworks/PrintCore.framework/Versions/A/PrintCore
0x00007fff40fa2000 	/System/Library/Frameworks/ApplicationServices.framework/Versions/A/Frameworks/QD.framework/Versions/A/QD
0x00007fff40fde000 	/System/Library/Frameworks/ApplicationServices.framework/Versions/A/Frameworks/SpeechSynthesis.framework/Versions/A/SpeechSynthesis
0x00007fff6d0d8000 	/usr/lib/libcompression.dylib
0x00007fff42618000 	/System/Library/Frameworks/CoreDisplay.framework/Versions/A/CoreDisplay
0x00007fff47619000 	/System/Library/Frameworks/MetalPerformanceShaders.framework/Versions/A/MetalPerformanceShaders
0x00007fff3ea46000 	/System/Library/Frameworks/Accelerate.framework/Versions/A/Frameworks/vImage.framework/Versions/A/vImage
0x00007fff3fac2000 	/System/Library/Frameworks/Accelerate.framework/Versions/A/Frameworks/vecLib.framework/Versions/A/vecLib
0x00007fff3fa0c000 	/System/Library/Frameworks/Accelerate.framework/Versions/A/Frameworks/vecLib.framework/Versions/A/libvMisc.dylib
0x00007fff3f827000 	/System/Library/Frameworks/Accelerate.framework/Versions/A/Frameworks/vecLib.framework/Versions/A/libvDSP.dylib
0x00007fff3f0e7000 	/System/Library/Frameworks/Accelerate.framework/Versions/A/Frameworks/vecLib.framework/Versions/A/libBLAS.dylib
0x00007fff3f3d2000 	/System/Library/Frameworks/Accelerate.framework/Versions/A/Frameworks/vecLib.framework/Versions/A/libLAPACK.dylib
0x00007fff3f779000 	/System/Library/Frameworks/Accelerate.framework/Versions/A/Frameworks/vecLib.framework/Versions/A/libLinearAlgebra.dylib
0x00007fff3f813000 	/System/Library/Frameworks/Accelerate.framework/Versions/A/Frameworks/vecLib.framework/Versions/A/libSparseBLAS.dylib
0x00007fff3f78f000 	/System/Library/Frameworks/Accelerate.framework/Versions/A/Frameworks/vecLib.framework/Versions/A/libQuadrature.dylib
0x00007fff3f35f000 	/System/Library/Frameworks/Accelerate.framework/Versions/A/Frameworks/vecLib.framework/Versions/A/libBNNS.dylib
0x00007fff3f795000 	/System/Library/Frameworks/Accelerate.framework/Versions/A/Frameworks/vecLib.framework/Versions/A/libSparse.dylib
0x00007fff5e265000 	/System/Library/PrivateFrameworks/GPUWrangler.framework/Versions/A/GPUWrangler
0x00007fff6069a000 	/System/Library/PrivateFrameworks/IOAccelerator.framework/Versions/A/IOAccelerator
0x00007fff606a5000 	/System/Library/PrivateFrameworks/IOPresentment.framework/Versions/A/IOPresentment
0x00007fff57b47000 	/System/Library/PrivateFrameworks/DSExternalDisplay.framework/Versions/A/DSExternalDisplay
0x00007fff4bccb000 	/System/Library/Frameworks/OpenGL.framework/Versions/A/Libraries/libCoreFSCache.dylib
0x00007fff47401000 	/System/Library/Frameworks/MetalPerformanceShaders.framework/Frameworks/MPSCore.framework/Versions/A/MPSCore
0x00007fff47422000 	/System/Library/Frameworks/MetalPerformanceShaders.framework/Frameworks/MPSImage.framework/Versions/A/MPSImage
0x00007fff474ca000 	/System/Library/Frameworks/MetalPerformanceShaders.framework/Frameworks/MPSNeuralNetwork.framework/Versions/A/MPSNeuralNetwork
0x00007fff474a1000 	/System/Library/Frameworks/MetalPerformanceShaders.framework/Frameworks/MPSMatrix.framework/Versions/A/MPSMatrix
0x00007fff475fd000 	/System/Library/Frameworks/MetalPerformanceShaders.framework/Frameworks/MPSRayIntersector.framework/Versions/A/MPSRayIntersector
0x00007fff61c9d000 	/System/Library/PrivateFrameworks/MetalTools.framework/Versions/A/MetalTools
0x00007fff52718000 	/System/Library/PrivateFrameworks/AggregateDictionary.framework/Versions/A/AggregateDictionary
0x00007fff6cc9d000 	/usr/lib/libMobileGestalt.dylib
0x00007fff44568000 	/System/Library/Frameworks/CoreVideo.framework/Versions/A/CoreVideo
0x00007fff5f0d5000 	/System/Library/PrivateFrameworks/GraphVisualizer.framework/Versions/A/GraphVisualizer
0x00007fff58e70000 	/System/Library/PrivateFrameworks/FaceCore.framework/Versions/A/FaceCore
0x00007fff4b2e3000 	/System/Library/Frameworks/OpenCL.framework/Versions/A/OpenCL
0x00007fff6ca84000 	/usr/lib/libFosl_dynamic.dylib
0x00007fff62af8000 	/System/Library/PrivateFrameworks/OTSVG.framework/Versions/A/OTSVG
0x00007fff40beb000 	/System/Library/Frameworks/ApplicationServices.framework/Versions/A/Frameworks/ATS.framework/Versions/A/Resources/libFontParser.dylib
0x00007fff40d0b000 	/System/Library/Frameworks/ApplicationServices.framework/Versions/A/Frameworks/ATS.framework/Versions/A/Resources/libFontRegistry.dylib
0x00007fff454fc000 	/System/Library/Frameworks/ImageIO.framework/Versions/A/Resources/libJPEG.dylib
0x00007fff4581e000 	/System/Library/Frameworks/ImageIO.framework/Versions/A/Resources/libTIFF.dylib
0x00007fff457f4000 	/System/Library/Frameworks/ImageIO.framework/Versions/A/Resources/libPng.dylib
0x00007fff45411000 	/System/Library/Frameworks/ImageIO.framework/Versions/A/Resources/libGIF.dylib
0x00007fff45416000 	/System/Library/Frameworks/ImageIO.framework/Versions/A/Resources/libJP2.dylib
0x00007fff4581b000 	/System/Library/Frameworks/ImageIO.framework/Versions/A/Resources/libRadiance.dylib
0x00007fff53177000 	/System/Library/PrivateFrameworks/AppleJPEG.framework/Versions/A/AppleJPEG
0x00007fff4bcd6000 	/System/Library/Frameworks/OpenGL.framework/Versions/A/Libraries/libGFXShared.dylib
0x00007fff4be99000 	/System/Library/Frameworks/OpenGL.framework/Versions/A/Libraries/libGLU.dylib
0x00007fff4bcdf000 	/System/Library/Frameworks/OpenGL.framework/Versions/A/Libraries/libGL.dylib
0x00007fff4bceb000 	/System/Library/Frameworks/OpenGL.framework/Versions/A/Libraries/libGLImage.dylib
0x00007fff4bcc8000 	/System/Library/Frameworks/OpenGL.framework/Versions/A/Libraries/libCVMSPluginSupport.dylib
0x00007fff4bcd1000 	/System/Library/Frameworks/OpenGL.framework/Versions/A/Libraries/libCoreVMClient.dylib
0x00007fff6da2a000 	/usr/lib/libcups.2.dylib
0x00007fff46916000 	/System/Library/Frameworks/Kerberos.framework/Versions/A/Kerberos
0x00007fff44ec6000 	/System/Library/Frameworks/GSS.framework/Versions/A/GSS
0x00007fff6f196000 	/usr/lib/libresolv.9.dylib
0x00007fff6dc22000 	/usr/lib/libiconv.2.dylib
0x00007fff5f235000 	/System/Library/PrivateFrameworks/Heimdal.framework/Versions/A/Heimdal
0x00007fff6dbf1000 	/usr/lib/libheimdal-asn1.dylib
0x00007fff4b359000 	/System/Library/Frameworks/OpenDirectory.framework/Versions/A/OpenDirectory
0x00007fff55a3a000 	/System/Library/PrivateFrameworks/CommonAuth.framework/Versions/A/CommonAuth
0x00007fff4b33c000 	/System/Library/Frameworks/OpenDirectory.framework/Versions/A/Frameworks/CFOpenDirectory.framework/Versions/A/CFOpenDirectory
0x00007fff4e4c7000 	/System/Library/Frameworks/SecurityFoundation.framework/Versions/A/SecurityFoundation
0x00007fff51c27000 	/System/Library/PrivateFrameworks/APFS.framework/Versions/A/APFS
0x00007fff6f666000 	/usr/lib/libutil.dylib
0x00007fff6d0c6000 	/usr/lib/libcharset.1.dylib
0x00007fff53413000 	/System/Library/PrivateFrameworks/AppleSauce.framework/Versions/A/AppleSauce
0x00007fff535a1000 	/System/Library/PrivateFrameworks/AssertionServices.framework/Versions/A/AssertionServices
0x00007fff53e14000 	/System/Library/PrivateFrameworks/BaseBoard.framework/Versions/A/BaseBoard
0x00007fff6dff6000 	/usr/lib/libmecab.1.0.0.dylib
0x00007fff6dbeb000 	/usr/lib/libgermantok.dylib
0x00007fff6ce89000 	/usr/lib/libThaiTokenizer.dylib
0x00007fff6c9b0000 	/usr/lib/libChineseTokenizer.dylib
0x00007fff60dd1000 	/System/Library/PrivateFrameworks/LanguageModeling.framework/Versions/A/LanguageModeling
0x00007fff56754000 	/System/Library/PrivateFrameworks/CoreEmoji.framework/Versions/A/CoreEmoji
0x00007fff60ec9000 	/System/Library/PrivateFrameworks/Lexicon.framework/Versions/A/Lexicon
0x00007fff60f11000 	/System/Library/PrivateFrameworks/LinguisticData.framework/Versions/A/LinguisticData
0x00007fff6d0c7000 	/usr/lib/libcmph.dylib
0x00007fff4e588000 	/System/Library/Frameworks/ServiceManagement.framework/Versions/A/ServiceManagement
0x00007fff53d67000 	/System/Library/PrivateFrameworks/BackgroundTaskManagement.framework/Versions/A/BackgroundTaskManagement
0x00007fff6f760000 	/usr/lib/libxslt.1.dylib
0x00007fff41cdb000 	/System/Library/Frameworks/Carbon.framework/Versions/A/Frameworks/Ink.framework/Versions/A/Ink
0x00007fff6a944000 	/System/Library/PrivateFrameworks/TextureIO.framework/Versions/A/TextureIO
0x00007fff6cede000 	/usr/lib/libate.dylib
0x00007fff57aa3000 	/System/Library/PrivateFrameworks/CrashReporterSupport.framework/Versions/A/CrashReporterSupport
0x00007fff67965000 	/System/Library/PrivateFrameworks/Sharing.framework/Versions/A/Sharing
0x00007fff538f3000 	/System/Library/PrivateFrameworks/AuthKit.framework/Versions/A/AuthKit
0x00007fff52d16000 	/System/Library/PrivateFrameworks/Apple80211.framework/Versions/A/Apple80211
0x00007fff57863000 	/System/Library/PrivateFrameworks/CoreUtils.framework/Versions/A/CoreUtils
0x00007fff445a6000 	/System/Library/Frameworks/CoreWLAN.framework/Versions/A/CoreWLAN
0x00007fff45010000 	/System/Library/Frameworks/IOBluetooth.framework/Versions/A/IOBluetooth
0x00007fff65c87000 	/System/Library/PrivateFrameworks/ProtocolBuffer.framework/Versions/A/ProtocolBuffer
0x00007fff61eda000 	/System/Library/PrivateFrameworks/MobileKeyBag.framework/Versions/A/MobileKeyBag
0x00007fff5707b000 	/System/Library/PrivateFrameworks/CorePhoneNumbers.framework/Versions/A/CorePhoneNumbers
0x00007fff5312b000 	/System/Library/PrivateFrameworks/AppleIDAuthSupport.framework/Versions/A/AppleIDAuthSupport
0x00007fff60da2000 	/System/Library/PrivateFrameworks/KeychainCircle.framework/Versions/A/KeychainCircle
0x00007fff65e54000 	/System/Library/PrivateFrameworks/ROCKit.framework/Versions/A/ROCKit
0x00007fff57a3f000 	/System/Library/PrivateFrameworks/CoreWiFi.framework/Versions/A/CoreWiFi
0x00007fff4224a000 	/System/Library/Frameworks/CoreBluetooth.framework/Versions/A/CoreBluetooth
0x00007fff57c93000 	/System/Library/PrivateFrameworks/DebugSymbols.framework/Versions/A/DebugSymbols
0x00007fff57618000 	/System/Library/PrivateFrameworks/CoreSymbolication.framework/Versions/A/CoreSymbolication
0x00007fff6a12e000 	/System/Library/PrivateFrameworks/Symbolication.framework/Versions/A/Symbolication
0x00007fff692c0000 	/System/Library/PrivateFrameworks/SpeechRecognitionCore.framework/Versions/A/SpeechRecognitionCore
0x000000010ce00000 	/Library/Java/JavaVirtualMachines/jdk1.8.0_201.jdk/Contents/Home/jre/lib/server/libjvm.dylib
0x00007fff6f52a000 	/usr/lib/libstdc++.6.dylib
0x000000010c4b6000 	/Library/Java/JavaVirtualMachines/jdk1.8.0_201.jdk/Contents/Home/jre/lib/libverify.dylib
0x000000010c4c4000 	/Library/Java/JavaVirtualMachines/jdk1.8.0_201.jdk/Contents/Home/jre/lib/libjava.dylib
0x000000010c4fb000 	/Library/Java/JavaVirtualMachines/jdk1.8.0_201.jdk/Contents/Home/jre/lib/libjdwp.dylib
0x000000010c546000 	/Library/Java/JavaVirtualMachines/jdk1.8.0_201.jdk/Contents/Home/jre/lib/libnpt.dylib
0x000000010c54a000 	/Library/Java/JavaVirtualMachines/jdk1.8.0_201.jdk/Contents/Home/jre/lib/libinstrument.dylib
0x000000010c5e8000 	/Library/Java/JavaVirtualMachines/jdk1.8.0_201.jdk/Contents/Home/jre/lib/libzip.dylib
0x00000001237dd000 	/Library/Java/JavaVirtualMachines/jdk1.8.0_201.jdk/Contents/Home/jre/lib/libdt_socket.dylib
0x0000000123915000 	/Library/Java/JavaVirtualMachines/jdk1.8.0_201.jdk/Contents/Home/jre/lib/libawt.dylib
0x00000001239be000 	/Library/Java/JavaVirtualMachines/jdk1.8.0_201.jdk/Contents/Home/jre/lib/./libmlib_image.dylib
0x00007fff468ff000 	/System/Library/Frameworks/JavaVM.framework/Versions/A/Frameworks/JavaNativeFoundation.framework/Versions/A/JavaNativeFoundation
0x00007fff46908000 	/System/Library/Frameworks/JavaVM.framework/Versions/A/Frameworks/JavaRuntimeSupport.framework/Versions/A/JavaRuntimeSupport
0x00007fff46911000 	/System/Library/Frameworks/JavaVM.framework/Versions/A/JavaVM
0x00007fff60cb9000 	/System/Library/PrivateFrameworks/JavaLaunching.framework/Versions/A/JavaLaunching
0x00007fff419c4000 	/System/Library/Frameworks/Carbon.framework/Versions/A/Carbon
0x00007fff419c5000 	/System/Library/Frameworks/Carbon.framework/Versions/A/Frameworks/CommonPanels.framework/Versions/A/CommonPanels
0x00007fff41cd1000 	/System/Library/Frameworks/Carbon.framework/Versions/A/Frameworks/Help.framework/Versions/A/Help
0x00007fff41cd5000 	/System/Library/Frameworks/Carbon.framework/Versions/A/Frameworks/ImageCapture.framework/Versions/A/ImageCapture
0x00007fff41d70000 	/System/Library/Frameworks/Carbon.framework/Versions/A/Frameworks/OpenScripting.framework/Versions/A/OpenScripting
0x00007fff41dab000 	/System/Library/Frameworks/Carbon.framework/Versions/A/Frameworks/Print.framework/Versions/A/Print
0x00007fff41dad000 	/System/Library/Frameworks/Carbon.framework/Versions/A/Frameworks/SecurityHI.framework/Versions/A/SecurityHI
0x0000000123a8a000 	/Library/Java/JavaVirtualMachines/jdk1.8.0_201.jdk/Contents/Home/jre/lib/libawt_lwawt.dylib
0x0000000123b44000 	/Library/Java/JavaVirtualMachines/jdk1.8.0_201.jdk/Contents/Home/jre/lib/./libosxapp.dylib
0x00007fff44a5f000 	/System/Library/Frameworks/ExceptionHandling.framework/Versions/A/ExceptionHandling
0x00007fff57212000 	/System/Library/PrivateFrameworks/CoreServicesInternal.framework/Versions/A/CoreServicesInternal
0x00007fff38597000 	/System/Library/CoreServices/RawCamera.bundle/Contents/MacOS/RawCamera
0x00007fff61d44000 	/System/Library/PrivateFrameworks/MobileAsset.framework/Versions/A/MobileAsset
0x00007fff699b2000 	/System/Library/PrivateFrameworks/StreamingZip.framework/Versions/A/StreamingZip
0x00007fff46cb1000 	/System/Library/Frameworks/MediaToolbox.framework/Versions/A/MediaToolbox
0x00007fff562d9000 	/System/Library/PrivateFrameworks/CoreAVCHD.framework/Versions/A/CoreAVCHD
0x00007fff46bed000 	/System/Library/Frameworks/MediaAccessibility.framework/Versions/A/MediaAccessibility
0x00007fff61776000 	/System/Library/PrivateFrameworks/Mangrove.framework/Versions/A/Mangrove
0x00007fff4385a000 	/System/Library/Frameworks/CoreMedia.framework/Versions/A/CoreMedia
0x00007fff4ec1a000 	/System/Library/Frameworks/VideoToolbox.framework/Versions/A/VideoToolbox
0x00007fff55f01000 	/System/Library/PrivateFrameworks/CoreAUC.framework/Versions/A/CoreAUC
0x00007fff6f200000 	/usr/lib/libspindump.dylib
0x00007fff53506000 	/System/Library/PrivateFrameworks/AppleVA.framework/Versions/A/AppleVA
0x00007fff3ea2f000 	/System/Library/Frameworks/Accelerate.framework/Versions/A/Frameworks/vImage.framework/Versions/A/Libraries/libCGInterfaces.dylib
0x00007fff40db5000 	/System/Library/Frameworks/ApplicationServices.framework/Versions/A/Frameworks/ATS.framework/Versions/A/Resources/libTrueTypeScaler.dylib
0x00007fff3a16f000 	/System/Library/Extensions/AppleIntelBDWGraphicsMTLDriver.bundle/Contents/MacOS/AppleIntelBDWGraphicsMTLDriver
0x00007fff5cbba000 	/System/Library/PrivateFrameworks/GPUCompiler.framework/Versions/3902/Libraries/libmetal_timestamp.dylib
0x00007fff592a2000 	/System/Library/PrivateFrameworks/FamilyControls.framework/Versions/A/FamilyControls
0x00007fff55a2d000 	/System/Library/PrivateFrameworks/CommerceKit.framework/Versions/A/Frameworks/CommerceCore.framework/Versions/A/CommerceCore
0x00007fff6a417000 	/System/Library/PrivateFrameworks/SystemAdministration.framework/Versions/A/SystemAdministration
0x00007fff52c10000 	/System/Library/PrivateFrameworks/AppContainer.framework/Versions/A/AppContainer
0x00007fff52c2d000 	/System/Library/PrivateFrameworks/AppSandbox.framework/Versions/A/AppSandbox
0x00007fff677fd000 	/System/Library/PrivateFrameworks/SecCodeWrapper.framework/Versions/A/SecCodeWrapper
0x00007fff6f1b0000 	/usr/lib/libsandbox.1.dylib
0x00007fff6cc68000 	/usr/lib/libMatch.1.dylib
0x00007fff58033000 	/System/Library/PrivateFrameworks/DiskManagement.framework/Versions/A/DiskManagement
0x00007fff447cc000 	/System/Library/Frameworks/DirectoryService.framework/Versions/A/DirectoryService
0x00007fff57f60000 	/System/Library/PrivateFrameworks/DiskImages.framework/Versions/A/DiskImages
0x00007fff61010000 	/System/Library/PrivateFrameworks/LoginUIKit.framework/Versions/A/Frameworks/LoginUICore.framework/Versions/A/LoginUICore
0x00007fff6c9bc000 	/usr/lib/libCoreStorage.dylib
0x00007fff6da16000 	/usr/lib/libcsfde.dylib
0x00007fff6f02d000 	/usr/lib/libodfde.dylib
0x00007fff61897000 	/System/Library/PrivateFrameworks/MediaKit.framework/Versions/A/MediaKit
0x00007fff447d8000 	/System/Library/Frameworks/DiscRecording.framework/Versions/A/DiscRecording
0x00007fff581a0000 	/System/Library/PrivateFrameworks/EFILogin.framework/Versions/A/EFILogin
0x00007fff65c2f000 	/System/Library/PrivateFrameworks/ProtectedCloudStorage.framework/Versions/A/ProtectedCloudStorage
0x00007fff6daab000 	/usr/lib/libcurl.4.dylib
0x00007fff6d87d000 	/usr/lib/libcrypto.42.dylib
0x00007fff6f4dc000 	/usr/lib/libssl.44.dylib
0x00007fff46930000 	/System/Library/Frameworks/LDAP.framework/Versions/A/LDAP
0x00007fff6aac5000 	/System/Library/PrivateFrameworks/TrustEvaluationAgent.framework/Versions/A/TrustEvaluationAgent
0x00007fff6f1ed000 	/usr/lib/libsasl2.2.dylib
0x00007fff56538000 	/System/Library/PrivateFrameworks/CoreDaemon.framework/Versions/B/CoreDaemon
0x00007fff5340e000 	/System/Library/PrivateFrameworks/AppleSRP.framework/Versions/A/AppleSRP
0x00007fff6b975000 	/System/Library/PrivateFrameworks/ViewBridge.framework/Versions/A/ViewBridge
0x0000000128721000 	/Library/Java/JavaVirtualMachines/jdk1.8.0_201.jdk/Contents/Home/jre/lib/libfontmanager.dylib
0x00007fff4c896000 	/System/Library/Frameworks/OpenGL.framework/Versions/A/Resources/GLEngine.bundle/GLEngine
0x00007fff4bd26000 	/System/Library/Frameworks/OpenGL.framework/Versions/A/Libraries/libGLProgrammability.dylib
0x00007fff39c49000 	/System/Library/Extensions/AppleIntelBDWGraphicsGLDriver.bundle/Contents/MacOS/AppleIntelBDWGraphicsGLDriver
0x00007fff5e259000 	/System/Library/PrivateFrameworks/GPUSupport.framework/Versions/A/Libraries/libGPUSupportMercury.dylib
0x00007fff4ca2d000 	/System/Library/Frameworks/OpenGL.framework/Versions/A/Resources/GLRendererFloat.bundle/GLRendererFloat
0x00007fff4b2da000 	/System/Library/Frameworks/OpenCL.framework/Versions/A/Libraries/libcldcpuengine.dylib
0x00007fff6d552000 	/usr/lib/libcrypto.35.dylib
0x00000001296fa000 	/Library/Java/JavaVirtualMachines/jdk1.8.0_201.jdk/Contents/Home/jre/lib/libnet.dylib
0x0000000129af8000 	/Library/Java/JavaVirtualMachines/jdk1.8.0_201.jdk/Contents/Home/jre/lib/libnio.dylib
0x000000015890c000 	/usr/lib/libobjc-trampolines.dylib
0x00007fff6c6bb000 	/System/Library/PrivateFrameworks/login.framework/Versions/A/login

VM Arguments:
jvm_args: -agentlib:jdwp=transport=dt_socket,address=127.0.0.1:52339,suspend=y,server=n -javaagent:/Users/benoitautret/Library/Caches/IntelliJIdea2018.3/captureAgent/debugger-agent.jar -Dfile.encoding=UTF-8 
java_command: com.iup.tp.twitup.TwitupLauncher
java_class_path (initial): /Users/benoitautret/Documents/GIT/IHM-UBO/TwitUp/bin:/Library/Java/JavaVirtualMachines/jdk1.8.0_201.jdk/Contents/Home/jre/lib/charsets.jar:/Library/Java/JavaVirtualMachines/jdk1.8.0_201.jdk/Contents/Home/jre/lib/deploy.jar:/Library/Java/JavaVirtualMachines/jdk1.8.0_201.jdk/Contents/Home/jre/lib/ext/cldrdata.jar:/Library/Java/JavaVirtualMachines/jdk1.8.0_201.jdk/Contents/Home/jre/lib/ext/dnsns.jar:/Library/Java/JavaVirtualMachines/jdk1.8.0_201.jdk/Contents/Home/jre/lib/ext/jaccess.jar:/Library/Java/JavaVirtualMachines/jdk1.8.0_201.jdk/Contents/Home/jre/lib/ext/jfxrt.jar:/Library/Java/JavaVirtualMachines/jdk1.8.0_201.jdk/Contents/Home/jre/lib/ext/localedata.jar:/Library/Java/JavaVirtualMachines/jdk1.8.0_201.jdk/Contents/Home/jre/lib/ext/nashorn.jar:/Library/Java/JavaVirtualMachines/jdk1.8.0_201.jdk/Contents/Home/jre/lib/ext/sunec.jar:/Library/Java/JavaVirtualMachines/jdk1.8.0_201.jdk/Contents/Home/jre/lib/ext/sunjce_provider.jar:/Library/Java/JavaVirtualMachines/jdk1.8.0_201.jdk/Contents/Home/jre/lib/ext/sunpkcs11.jar:/Library/Java/JavaVirtualMachines/jdk1.8.0_201.jdk/Contents/Home/jre/lib/ext/zipfs.jar:/Library/Java/JavaVirtualMachines/jdk1.8.0_201.jdk/Contents/Home/jre/lib/javaws.jar:/Library/Java/JavaVirtualMachines/jdk1.8.0_201.jdk/Contents/Home/jre/lib/jce.jar:/Library/Java/JavaVirtualMachines/jdk1.8.0_201.jdk/Contents/Home/jre/lib/jfr.jar:/Library/Java/JavaVirtualMachines/jdk1.8.0_201.jdk/Contents/Home/jre/lib/jfxswt.jar:/Library/Java/JavaVirtualMachines/jdk1.8.0_201.jdk/Contents/Home/jre/lib/jsse.jar:/Library/Java/JavaVirtualMachines/jdk1.8.0_201.jdk/Contents/Home/jre/lib/management-agent.jar:/Library/Java/JavaVirtualMachines/jdk1.8.0_201.jdk/Contents/Home/jre/lib/plugin.jar:/Library/Java/JavaVirtualMachines/jdk1.8.0_201.jdk/Contents/Home/jre/lib/resources.jar:/Library/Java/JavaVirtualMachines/jdk1.8.0_201.jdk/Contents/Home/jre/lib/rt.jar:/Library/Java/JavaVirtualMachines/jdk1.8.0_201.jdk/Contents/Home/lib/ant-javafx.jar:/Library/Ja
Launcher Type: SUN_STANDARD

Environment Variables:
PATH=/usr/local/bin:/usr/bin:/bin:/usr/sbin:/sbin:/Users/benoitautret/flutter/flutter/bin
SHELL=/bin/bash

Signal Handlers:
SIGSEGV: [libjvm.dylib+0x5b723d], sa_mask[0]=11111111011111110111111111111111, sa_flags=SA_ONSTACK|SA_RESTART|SA_SIGINFO
SIGBUS: [libjvm.dylib+0x5b723d], sa_mask[0]=11111111011111110111111111111111, sa_flags=SA_RESTART|SA_SIGINFO
SIGFPE: [libjvm.dylib+0x48c9bc], sa_mask[0]=11111111011111110111111111111111, sa_flags=SA_RESTART|SA_SIGINFO
SIGPIPE: [libjvm.dylib+0x48c9bc], sa_mask[0]=11111111011111110111111111111111, sa_flags=SA_RESTART|SA_SIGINFO
SIGXFSZ: [libjvm.dylib+0x48c9bc], sa_mask[0]=11111111011111110111111111111111, sa_flags=SA_RESTART|SA_SIGINFO
SIGILL: [libjvm.dylib+0x48c9bc], sa_mask[0]=11111111011111110111111111111111, sa_flags=SA_RESTART|SA_SIGINFO
SIGUSR1: SIG_DFL, sa_mask[0]=00000000000000000000000000000000, sa_flags=none
SIGUSR2: [libjvm.dylib+0x48c4da], sa_mask[0]=00100000000000000000000000000000, sa_flags=SA_RESTART|SA_SIGINFO
SIGHUP: [libjvm.dylib+0x48aa65], sa_mask[0]=11111111011111110111111111111111, sa_flags=SA_RESTART|SA_SIGINFO
SIGINT: [libjvm.dylib+0x48aa65], sa_mask[0]=11111111011111110111111111111111, sa_flags=SA_RESTART|SA_SIGINFO
SIGTERM: [libjvm.dylib+0x48aa65], sa_mask[0]=11111111011111110111111111111111, sa_flags=SA_RESTART|SA_SIGINFO
SIGQUIT: [libjvm.dylib+0x48aa65], sa_mask[0]=11111111011111110111111111111111, sa_flags=SA_RESTART|SA_SIGINFO


---------------  S Y S T E M  ---------------

OS:Bsduname:Darwin 18.2.0 Darwin Kernel Version 18.2.0: Thu Dec 20 20:46:53 PST 2018; root:xnu-4903.241.1~1/RELEASE_X86_64 x86_64
rlimit: STACK 8192k, CORE 0k, NPROC 709, NOFILE 10240, AS infinity
load average:6.02 3.62 2.85

CPU:total 4 (initial active 4) (2 cores per cpu, 2 threads per core) family 6 model 61 stepping 4, cmov, cx8, fxsr, mmx, sse, sse2, sse3, ssse3, sse4.1, sse4.2, popcnt, avx, avx2, aes, clmul, erms, 3dnowpref, lzcnt, ht, tsc, tscinvbit, bmi1, bmi2, adx

Memory: 4k page, physical 8388608k(39312k free)

/proc/meminfo:


vm_info: Java HotSpot(TM) 64-Bit Server VM (25.201-b09) for bsd-amd64 JRE (1.8.0_201-b09), built on Dec 15 2018 18:35:23 by "java_re" with gcc 4.2.1 (Based on Apple Inc. build 5658) (LLVM build 2336.11.00)

time: Wed Mar  6 18:40:24 2019
timezone: CET
elapsed time: 523 seconds (0d 0h 8m 43s)

